<?xml version="1.0" encoding="UTF-8"?>
<testsuites name="jest tests" tests="2" failures="0" errors="0" time="5.949">
  <testsuite name="AppComponent" errors="0" failures="0" skipped="0" timestamp="2020-10-13T15:35:29" time="3.405" tests="2">
    <testcase classname="AppComponent Should create component" name="AppComponent Should create component" time="0.002">
    </testcase>
    <testcase classname="AppComponent should have as title &apos;client&apos;" name="AppComponent should have as title &apos;client&apos;" time="0">
    </testcase>
  </testsuite>
</testsuites>